#
# There is insufficient memory for the Java Runtime Environment to continue.
# Native memory allocation (malloc) failed to allocate 2078048 bytes. Error detail: Chunk::new
# Possible reasons:
#   The system is out of physical RAM or swap space
#   This process is running with CompressedOops enabled, and the Java Heap may be blocking the growth of the native heap
# Possible solutions:
#   Reduce memory load on the system
#   Increase physical memory or swap space
#   Check if swap backing store is full
#   Decrease Java heap size (-Xmx/-Xms)
#   Decrease number of Java threads
#   Decrease Java thread stack sizes (-Xss)
#   Set larger code cache with -XX:ReservedCodeCacheSize=
#   JVM is running with Zero Based Compressed Oops mode in which the Java heap is
#     placed in the first 32GB address space. The Java Heap base address is the
#     maximum limit for the native heap growth. Please use -XX:HeapBaseMinAddress
#     to set the Java Heap base and to place the Java Heap above 32GB virtual address.
# This output file may be truncated or incomplete.
#
#  Out of Memory Error (arena.cpp:168), pid=25820, tid=21040
#
# JRE version: OpenJDK Runtime Environment (21.0.3) (build 21.0.3+-12282718-b509.11)
# Java VM: OpenJDK 64-Bit Server VM (21.0.3+-12282718-b509.11, mixed mode, tiered, compressed oops, compressed class ptrs, g1 gc, windows-amd64)
# No core dump will be written. Minidumps are not enabled by default on client versions of Windows
#

---------------  S U M M A R Y ------------

Command Line: org.jetbrains.kotlin.cli.jvm.K2JVMCompiler @C:\Users\Krishnakumar\AndroidStudioProjects\NewsHeadlines-main\app\build\20241114_16736257765686370381.compiler.options

Host: AMD Ryzen 5 5600H with Radeon Graphics         , 12 cores, 15G,  Windows 11 , 64 bit Build 22621 (10.0.22621.4391)
Time: Thu Nov 14 20:45:28 2024 India Standard Time elapsed time: 18.444158 seconds (0d 0h 0m 18s)

---------------  T H R E A D  ---------------

Current thread (0x000002371c41e8f0):  JavaThread "C2 CompilerThread2" daemon [_thread_in_native, id=21040, stack(0x000000de9ab00000,0x000000de9ac00000) (1024K)]


Current CompileTask:
C2:  18444 17380 %     4       org.jetbrains.kotlin.codegen.optimization.temporaryVals.TemporaryValsAnalyzer::analyze @ 184 (1270 bytes)

Stack: [0x000000de9ab00000,0x000000de9ac00000]
Native frames: (J=compiled Java code, j=interpreted, Vv=VM code, C=native code)
V  [jvm.dll+0x6cafb9]
V  [jvm.dll+0x858523]
V  [jvm.dll+0x85aa7e]
V  [jvm.dll+0x85b163]
V  [jvm.dll+0x27d356]
V  [jvm.dll+0xbf93d]
V  [jvm.dll+0xbfe73]
V  [jvm.dll+0x3b1ceb]
V  [jvm.dll+0x37e787]
V  [jvm.dll+0x37dbfa]
V  [jvm.dll+0x246b02]
V  [jvm.dll+0x2460d1]
V  [jvm.dll+0x1c5804]
V  [jvm.dll+0x25575c]
V  [jvm.dll+0x253c36]
V  [jvm.dll+0x3ec996]
V  [jvm.dll+0x800d78]
V  [jvm.dll+0x6c98cd]
C  [ucrtbase.dll+0x29333]
C  [KERNEL32.DLL+0x1259d]
C  [ntdll.dll+0x5af38]


---------------  P R O C E S S  ---------------

Threads class SMR info:
_java_thread_list=0x000002371e608260, length=13, elements={
0x000002377b6b9590, 0x00000237159cd080, 0x00000237159ce540, 0x00000237159e2290,
0x00000237159e34f0, 0x00000237159e3f50, 0x00000237159e5960, 0x00000237159e7700,
0x00000237159e81a0, 0x0000023715ab9da0, 0x0000023715ab9080, 0x000002371c41efc0,
0x000002371c41e8f0
}

Java Threads: ( => current thread )
  0x000002377b6b9590 JavaThread "main"                              [_thread_in_Java, id=15420, stack(0x000000de98d00000,0x000000de98e00000) (1024K)]
  0x00000237159cd080 JavaThread "Reference Handler"          daemon [_thread_blocked, id=23628, stack(0x000000de99500000,0x000000de99600000) (1024K)]
  0x00000237159ce540 JavaThread "Finalizer"                  daemon [_thread_blocked, id=10968, stack(0x000000de99600000,0x000000de99700000) (1024K)]
  0x00000237159e2290 JavaThread "Signal Dispatcher"          daemon [_thread_blocked, id=14560, stack(0x000000de99700000,0x000000de99800000) (1024K)]
  0x00000237159e34f0 JavaThread "Attach Listener"            daemon [_thread_blocked, id=17240, stack(0x000000de99800000,0x000000de99900000) (1024K)]
  0x00000237159e3f50 JavaThread "Service Thread"             daemon [_thread_blocked, id=22416, stack(0x000000de99900000,0x000000de99a00000) (1024K)]
  0x00000237159e5960 JavaThread "Monitor Deflation Thread"   daemon [_thread_blocked, id=5108, stack(0x000000de99a00000,0x000000de99b00000) (1024K)]
  0x00000237159e7700 JavaThread "C2 CompilerThread0"         daemon [_thread_in_native, id=2348, stack(0x000000de99b00000,0x000000de99c00000) (1024K)]
  0x00000237159e81a0 JavaThread "C1 CompilerThread0"         daemon [_thread_in_vm, id=19508, stack(0x000000de99c00000,0x000000de99d00000) (1024K)]
  0x0000023715ab9da0 JavaThread "Notification Thread"        daemon [_thread_blocked, id=11772, stack(0x000000de99d00000,0x000000de99e00000) (1024K)]
  0x0000023715ab9080 JavaThread "Common-Cleaner"             daemon [_thread_blocked, id=26544, stack(0x000000de99e00000,0x000000de99f00000) (1024K)]
  0x000002371c41efc0 JavaThread "C2 CompilerThread1"         daemon [_thread_in_native, id=15684, stack(0x000000de99f00000,0x000000de9a000000) (1024K)]
=>0x000002371c41e8f0 JavaThread "C2 CompilerThread2"         daemon [_thread_in_native, id=21040, stack(0x000000de9ab00000,0x000000de9ac00000) (1024K)]
Total: 13

Other Threads:
  0x000002371581ebc0 VMThread "VM Thread"                           [id=14072, stack(0x000000de99400000,0x000000de99500000) (1024K)]
  0x00000237157b6c50 WatcherThread "VM Periodic Task Thread"        [id=18816, stack(0x000000de99300000,0x000000de99400000) (1024K)]
  0x000002377b719bb0 WorkerThread "GC Thread#0"                     [id=9580, stack(0x000000de98e00000,0x000000de98f00000) (1024K)]
  0x000002371a516700 WorkerThread "GC Thread#1"                     [id=19048, stack(0x000000de9a000000,0x000000de9a100000) (1024K)]
  0x000002371a69f1e0 WorkerThread "GC Thread#2"                     [id=6632, stack(0x000000de9a100000,0x000000de9a200000) (1024K)]
  0x000002371a69f580 WorkerThread "GC Thread#3"                     [id=4768, stack(0x000000de9a200000,0x000000de9a300000) (1024K)]
  0x000002371a6a2f50 WorkerThread "GC Thread#4"                     [id=24308, stack(0x000000de9a300000,0x000000de9a400000) (1024K)]
  0x000002371ad67810 WorkerThread "GC Thread#5"                     [id=26508, stack(0x000000de9a400000,0x000000de9a500000) (1024K)]
  0x000002371ad66d30 WorkerThread "GC Thread#6"                     [id=26056, stack(0x000000de9a500000,0x000000de9a600000) (1024K)]
  0x000002371ad65eb0 WorkerThread "GC Thread#7"                     [id=24548, stack(0x000000de9a600000,0x000000de9a700000) (1024K)]
  0x000002371ad66990 WorkerThread "GC Thread#8"                     [id=20704, stack(0x000000de9a700000,0x000000de9a800000) (1024K)]
  0x000002371ad64c90 WorkerThread "GC Thread#9"                     [id=8424, stack(0x000000de9a800000,0x000000de9a900000) (1024K)]
  0x000002377b72a210 ConcurrentGCThread "G1 Main Marker"            [id=14800, stack(0x000000de98f00000,0x000000de99000000) (1024K)]
  0x000002377b72ae80 WorkerThread "G1 Conc#0"                       [id=25676, stack(0x000000de99000000,0x000000de99100000) (1024K)]
  0x000002371ad65770 WorkerThread "G1 Conc#1"                       [id=10544, stack(0x000000de9a900000,0x000000de9aa00000) (1024K)]
  0x000002371ad670d0 WorkerThread "G1 Conc#2"                       [id=4780, stack(0x000000de9aa00000,0x000000de9ab00000) (1024K)]
  0x000002377b77e650 ConcurrentGCThread "G1 Refine#0"               [id=16784, stack(0x000000de99100000,0x000000de99200000) (1024K)]
  0x000002371566a390 ConcurrentGCThread "G1 Service"                [id=11520, stack(0x000000de99200000,0x000000de99300000) (1024K)]
Total: 18

Threads with active compile tasks:
C2 CompilerThread0    18464 17466       4       org.jetbrains.kotlin.types.AbstractTypeMapper::mapClassType (177 bytes)
C1 CompilerThread0    18464 17629       3       org.jetbrains.kotlin.backend.jvm.codegen.ExpressionCodegen::visitReturn (252 bytes)
C2 CompilerThread1    18464 17469       4       org.jetbrains.kotlin.types.AbstractTypeMapper::mapType (443 bytes)
C2 CompilerThread2    18464 17380 %     4       org.jetbrains.kotlin.codegen.optimization.temporaryVals.TemporaryValsAnalyzer::analyze @ 184 (1270 bytes)
Total: 4

VM state: not at safepoint (normal execution)

VM Mutex/Monitor currently owned by a thread: None

Heap address: 0x0000000709800000, size: 3944 MB, Compressed Oops mode: Zero based, Oop shift amount: 3

CDS archive(s) not mapped
Compressed class space mapped at: 0x0000000800000000-0x0000000840000000, reserved size: 1073741824
Narrow klass base: 0x0000000800000000, Narrow klass shift: 0, Narrow klass range: 0x40000000

GC Precious Log:
 CardTable entry size: 512
 Card Set container configuration: InlinePtr #cards 4 size 8 Array Of Cards #cards 16 size 48 Howl #buckets 8 coarsen threshold 3686 Howl Bitmap #cards 512 size 80 coarsen threshold 460 Card regions per heap region 1 cards per card region 4096
 CPUs: 12 total, 12 available
 Memory: 15773M
 Large Page Support: Disabled
 NUMA Support: Disabled
 Compressed Oops: Enabled (Zero based)
 Heap Region Size: 2M
 Heap Min Capacity: 8M
 Heap Initial Capacity: 248M
 Heap Max Capacity: 3944M
 Pre-touch: Disabled
 Parallel Workers: 10
 Concurrent Workers: 3
 Concurrent Refinement Workers: 10
 Periodic GC: Disabled

Heap:
 garbage-first heap   total 190464K, used 116320K [0x0000000709800000, 0x0000000800000000)
  region size 2048K, 12 young (24576K), 3 survivors (6144K)
 Metaspace       used 93187K, committed 94080K, reserved 1179648K
  class space    used 10042K, committed 10496K, reserved 1048576K

Heap Regions: E=young(eden), S=young(survivor), O=old, HS=humongous(starts), HC=humongous(continues), CS=collection set, F=free, TAMS=top-at-mark-start, PB=parsable bottom
|   0|0x0000000709800000, 0x0000000709a00000, 0x0000000709a00000|100%|HS|  |TAMS 0x0000000709800000| PB 0x0000000709800000| Complete 
|   1|0x0000000709a00000, 0x0000000709c00000, 0x0000000709c00000|100%|HC|  |TAMS 0x0000000709a00000| PB 0x0000000709a00000| Complete 
|   2|0x0000000709c00000, 0x0000000709e00000, 0x0000000709e00000|100%| O|  |TAMS 0x0000000709c00000| PB 0x0000000709c00000| Untracked 
|   3|0x0000000709e00000, 0x000000070a000000, 0x000000070a000000|100%|HS|  |TAMS 0x0000000709e00000| PB 0x0000000709e00000| Complete 
|   4|0x000000070a000000, 0x000000070a200000, 0x000000070a200000|100%|HC|  |TAMS 0x000000070a000000| PB 0x000000070a000000| Complete 
|   5|0x000000070a200000, 0x000000070a400000, 0x000000070a400000|100%|HS|  |TAMS 0x000000070a200000| PB 0x000000070a200000| Complete 
|   6|0x000000070a400000, 0x000000070a600000, 0x000000070a600000|100%| O|  |TAMS 0x000000070a400000| PB 0x000000070a400000| Untracked 
|   7|0x000000070a600000, 0x000000070a800000, 0x000000070a800000|100%| O|  |TAMS 0x000000070a600000| PB 0x000000070a600000| Untracked 
|   8|0x000000070a800000, 0x000000070aa00000, 0x000000070aa00000|100%| O|  |TAMS 0x000000070a800000| PB 0x000000070a800000| Untracked 
|   9|0x000000070aa00000, 0x000000070ac00000, 0x000000070ac00000|100%| O|  |TAMS 0x000000070aa00000| PB 0x000000070aa00000| Untracked 
|  10|0x000000070ac00000, 0x000000070ae00000, 0x000000070ae00000|100%| O|  |TAMS 0x000000070ac00000| PB 0x000000070ac00000| Untracked 
|  11|0x000000070ae00000, 0x000000070b000000, 0x000000070b000000|100%| O|  |TAMS 0x000000070ae00000| PB 0x000000070ae00000| Untracked 
|  12|0x000000070b000000, 0x000000070b200000, 0x000000070b200000|100%| O|  |TAMS 0x000000070b000000| PB 0x000000070b000000| Untracked 
|  13|0x000000070b200000, 0x000000070b400000, 0x000000070b400000|100%| O|  |TAMS 0x000000070b200000| PB 0x000000070b200000| Untracked 
|  14|0x000000070b400000, 0x000000070b600000, 0x000000070b600000|100%| O|  |TAMS 0x000000070b400000| PB 0x000000070b400000| Untracked 
|  15|0x000000070b600000, 0x000000070b800000, 0x000000070b800000|100%| O|  |TAMS 0x000000070b600000| PB 0x000000070b600000| Untracked 
|  16|0x000000070b800000, 0x000000070ba00000, 0x000000070ba00000|100%| O|  |TAMS 0x000000070b800000| PB 0x000000070b800000| Untracked 
|  17|0x000000070ba00000, 0x000000070bc00000, 0x000000070bc00000|100%| O|  |TAMS 0x000000070ba00000| PB 0x000000070ba00000| Untracked 
|  18|0x000000070bc00000, 0x000000070be00000, 0x000000070be00000|100%| O|  |TAMS 0x000000070bc00000| PB 0x000000070bc00000| Untracked 
|  19|0x000000070be00000, 0x000000070c000000, 0x000000070c000000|100%| O|  |TAMS 0x000000070be00000| PB 0x000000070be00000| Untracked 
|  20|0x000000070c000000, 0x000000070c200000, 0x000000070c200000|100%| O|  |TAMS 0x000000070c000000| PB 0x000000070c000000| Untracked 
|  21|0x000000070c200000, 0x000000070c400000, 0x000000070c400000|100%| O|  |TAMS 0x000000070c200000| PB 0x000000070c200000| Untracked 
|  22|0x000000070c400000, 0x000000070c600000, 0x000000070c600000|100%| O|  |TAMS 0x000000070c400000| PB 0x000000070c400000| Untracked 
|  23|0x000000070c600000, 0x000000070c800000, 0x000000070c800000|100%| O|  |TAMS 0x000000070c600000| PB 0x000000070c600000| Untracked 
|  24|0x000000070c800000, 0x000000070ca00000, 0x000000070ca00000|100%| O|  |TAMS 0x000000070c800000| PB 0x000000070c800000| Untracked 
|  25|0x000000070ca00000, 0x000000070cc00000, 0x000000070cc00000|100%| O|  |TAMS 0x000000070ca00000| PB 0x000000070ca00000| Untracked 
|  26|0x000000070cc00000, 0x000000070ce00000, 0x000000070ce00000|100%| O|  |TAMS 0x000000070cc00000| PB 0x000000070cc00000| Untracked 
|  27|0x000000070ce00000, 0x000000070d000000, 0x000000070d000000|100%| O|  |TAMS 0x000000070ce00000| PB 0x000000070ce00000| Untracked 
|  28|0x000000070d000000, 0x000000070d200000, 0x000000070d200000|100%| O|  |TAMS 0x000000070d000000| PB 0x000000070d000000| Untracked 
|  29|0x000000070d200000, 0x000000070d400000, 0x000000070d400000|100%| O|Cm|TAMS 0x000000070d200000| PB 0x000000070d200000| Complete 
|  30|0x000000070d400000, 0x000000070d600000, 0x000000070d600000|100%| O|  |TAMS 0x000000070d400000| PB 0x000000070d400000| Untracked 
|  31|0x000000070d600000, 0x000000070d600000, 0x000000070d800000|  0%| F|  |TAMS 0x000000070d600000| PB 0x000000070d600000| Untracked 
|  32|0x000000070d800000, 0x000000070da00000, 0x000000070da00000|100%| O|  |TAMS 0x000000070d800000| PB 0x000000070d800000| Untracked 
|  33|0x000000070da00000, 0x000000070dc00000, 0x000000070dc00000|100%| O|  |TAMS 0x000000070da00000| PB 0x000000070da00000| Untracked 
|  34|0x000000070dc00000, 0x000000070de00000, 0x000000070de00000|100%| O|  |TAMS 0x000000070dc00000| PB 0x000000070dc00000| Untracked 
|  35|0x000000070de00000, 0x000000070e000000, 0x000000070e000000|100%| O|  |TAMS 0x000000070de00000| PB 0x000000070de00000| Untracked 
|  36|0x000000070e000000, 0x000000070e200000, 0x000000070e200000|100%| O|  |TAMS 0x000000070e000000| PB 0x000000070e000000| Untracked 
|  37|0x000000070e200000, 0x000000070e400000, 0x000000070e400000|100%| O|  |TAMS 0x000000070e200000| PB 0x000000070e200000| Untracked 
|  38|0x000000070e400000, 0x000000070e600000, 0x000000070e600000|100%| O|  |TAMS 0x000000070e400000| PB 0x000000070e400000| Untracked 
|  39|0x000000070e600000, 0x000000070e800000, 0x000000070e800000|100%| O|  |TAMS 0x000000070e600000| PB 0x000000070e600000| Untracked 
|  40|0x000000070e800000, 0x000000070ea00000, 0x000000070ea00000|100%| O|  |TAMS 0x000000070e800000| PB 0x000000070e800000| Untracked 
|  41|0x000000070ea00000, 0x000000070ec00000, 0x000000070ec00000|100%| O|Cm|TAMS 0x000000070ea00000| PB 0x000000070ea00000| Complete 
|  42|0x000000070ec00000, 0x000000070ee00000, 0x000000070ee00000|100%| O|  |TAMS 0x000000070ec00000| PB 0x000000070ec00000| Untracked 
|  43|0x000000070ee00000, 0x000000070f000000, 0x000000070f000000|100%| O|  |TAMS 0x000000070ee00000| PB 0x000000070ee00000| Untracked 
|  44|0x000000070f000000, 0x000000070f200000, 0x000000070f200000|100%| O|  |TAMS 0x000000070f000000| PB 0x000000070f000000| Untracked 
|  45|0x000000070f200000, 0x000000070f400000, 0x000000070f400000|100%| O|  |TAMS 0x000000070f200000| PB 0x000000070f200000| Untracked 
|  46|0x000000070f400000, 0x000000070f5984b0, 0x000000070f600000| 79%| O|  |TAMS 0x000000070f400000| PB 0x000000070f400000| Untracked 
|  47|0x000000070f600000, 0x000000070f600000, 0x000000070f800000|  0%| F|  |TAMS 0x000000070f600000| PB 0x000000070f600000| Untracked 
|  48|0x000000070f800000, 0x000000070f800000, 0x000000070fa00000|  0%| F|  |TAMS 0x000000070f800000| PB 0x000000070f800000| Untracked 
|  49|0x000000070fa00000, 0x000000070fa00000, 0x000000070fc00000|  0%| F|  |TAMS 0x000000070fa00000| PB 0x000000070fa00000| Untracked 
|  50|0x000000070fc00000, 0x000000070fc00000, 0x000000070fe00000|  0%| F|  |TAMS 0x000000070fc00000| PB 0x000000070fc00000| Untracked 
|  51|0x000000070fe00000, 0x000000070fe00000, 0x0000000710000000|  0%| F|  |TAMS 0x000000070fe00000| PB 0x000000070fe00000| Untracked 
|  52|0x0000000710000000, 0x0000000710000000, 0x0000000710200000|  0%| F|  |TAMS 0x0000000710000000| PB 0x0000000710000000| Untracked 
|  53|0x0000000710200000, 0x0000000710200000, 0x0000000710400000|  0%| F|  |TAMS 0x0000000710200000| PB 0x0000000710200000| Untracked 
|  54|0x0000000710400000, 0x0000000710400000, 0x0000000710600000|  0%| F|  |TAMS 0x0000000710400000| PB 0x0000000710400000| Untracked 
|  55|0x0000000710600000, 0x0000000710600000, 0x0000000710800000|  0%| F|  |TAMS 0x0000000710600000| PB 0x0000000710600000| Untracked 
|  56|0x0000000710800000, 0x00000007109ffc80, 0x0000000710a00000| 99%| S|CS|TAMS 0x0000000710800000| PB 0x0000000710800000| Complete 
|  57|0x0000000710a00000, 0x0000000710c00000, 0x0000000710c00000|100%| S|CS|TAMS 0x0000000710a00000| PB 0x0000000710a00000| Complete 
|  58|0x0000000710c00000, 0x0000000710e00000, 0x0000000710e00000|100%| S|CS|TAMS 0x0000000710c00000| PB 0x0000000710c00000| Complete 
|  59|0x0000000710e00000, 0x0000000710e00000, 0x0000000711000000|  0%| F|  |TAMS 0x0000000710e00000| PB 0x0000000710e00000| Untracked 
|  60|0x0000000711000000, 0x0000000711000000, 0x0000000711200000|  0%| F|  |TAMS 0x0000000711000000| PB 0x0000000711000000| Untracked 
|  61|0x0000000711200000, 0x0000000711200000, 0x0000000711400000|  0%| F|  |TAMS 0x0000000711200000| PB 0x0000000711200000| Untracked 
|  62|0x0000000711400000, 0x0000000711400000, 0x0000000711600000|  0%| F|  |TAMS 0x0000000711400000| PB 0x0000000711400000| Untracked 
|  63|0x0000000711600000, 0x0000000711600000, 0x0000000711800000|  0%| F|  |TAMS 0x0000000711600000| PB 0x0000000711600000| Untracked 
|  64|0x0000000711800000, 0x0000000711800000, 0x0000000711a00000|  0%| F|  |TAMS 0x0000000711800000| PB 0x0000000711800000| Untracked 
|  65|0x0000000711a00000, 0x0000000711a00000, 0x0000000711c00000|  0%| F|  |TAMS 0x0000000711a00000| PB 0x0000000711a00000| Untracked 
|  66|0x0000000711c00000, 0x0000000711c00000, 0x0000000711e00000|  0%| F|  |TAMS 0x0000000711c00000| PB 0x0000000711c00000| Untracked 
|  67|0x0000000711e00000, 0x0000000711e00000, 0x0000000712000000|  0%| F|  |TAMS 0x0000000711e00000| PB 0x0000000711e00000| Untracked 
|  68|0x0000000712000000, 0x0000000712000000, 0x0000000712200000|  0%| F|  |TAMS 0x0000000712000000| PB 0x0000000712000000| Untracked 
|  69|0x0000000712200000, 0x0000000712200000, 0x0000000712400000|  0%| F|  |TAMS 0x0000000712200000| PB 0x0000000712200000| Untracked 
|  70|0x0000000712400000, 0x0000000712400000, 0x0000000712600000|  0%| F|  |TAMS 0x0000000712400000| PB 0x0000000712400000| Untracked 
|  71|0x0000000712600000, 0x0000000712600000, 0x0000000712800000|  0%| F|  |TAMS 0x0000000712600000| PB 0x0000000712600000| Untracked 
|  72|0x0000000712800000, 0x0000000712800000, 0x0000000712a00000|  0%| F|  |TAMS 0x0000000712800000| PB 0x0000000712800000| Untracked 
|  73|0x0000000712a00000, 0x0000000712a00000, 0x0000000712c00000|  0%| F|  |TAMS 0x0000000712a00000| PB 0x0000000712a00000| Untracked 
|  74|0x0000000712c00000, 0x0000000712c00000, 0x0000000712e00000|  0%| F|  |TAMS 0x0000000712c00000| PB 0x0000000712c00000| Untracked 
|  75|0x0000000712e00000, 0x0000000712e00000, 0x0000000713000000|  0%| F|  |TAMS 0x0000000712e00000| PB 0x0000000712e00000| Untracked 
|  76|0x0000000713000000, 0x0000000713000000, 0x0000000713200000|  0%| F|  |TAMS 0x0000000713000000| PB 0x0000000713000000| Untracked 
|  77|0x0000000713200000, 0x0000000713200000, 0x0000000713400000|  0%| F|  |TAMS 0x0000000713200000| PB 0x0000000713200000| Untracked 
|  78|0x0000000713400000, 0x0000000713400000, 0x0000000713600000|  0%| F|  |TAMS 0x0000000713400000| PB 0x0000000713400000| Untracked 
|  79|0x0000000713600000, 0x0000000713600000, 0x0000000713800000|  0%| F|  |TAMS 0x0000000713600000| PB 0x0000000713600000| Untracked 
|  80|0x0000000713800000, 0x0000000713800000, 0x0000000713a00000|  0%| F|  |TAMS 0x0000000713800000| PB 0x0000000713800000| Untracked 
|  81|0x0000000713a00000, 0x0000000713a00000, 0x0000000713c00000|  0%| F|  |TAMS 0x0000000713a00000| PB 0x0000000713a00000| Untracked 
|  82|0x0000000713c00000, 0x0000000713c00000, 0x0000000713e00000|  0%| F|  |TAMS 0x0000000713c00000| PB 0x0000000713c00000| Untracked 
|  83|0x0000000713e00000, 0x0000000713e00000, 0x0000000714000000|  0%| F|  |TAMS 0x0000000713e00000| PB 0x0000000713e00000| Untracked 
|  84|0x0000000714000000, 0x0000000714200000, 0x0000000714200000|100%| E|  |TAMS 0x0000000714000000| PB 0x0000000714000000| Complete 
|  85|0x0000000714200000, 0x0000000714400000, 0x0000000714400000|100%| E|CS|TAMS 0x0000000714200000| PB 0x0000000714200000| Complete 
|  86|0x0000000714400000, 0x0000000714600000, 0x0000000714600000|100%| E|CS|TAMS 0x0000000714400000| PB 0x0000000714400000| Complete 
|  87|0x0000000714600000, 0x0000000714800000, 0x0000000714800000|100%| E|CS|TAMS 0x0000000714600000| PB 0x0000000714600000| Complete 
| 103|0x0000000716600000, 0x0000000716800000, 0x0000000716800000|100%| E|CS|TAMS 0x0000000716600000| PB 0x0000000716600000| Complete 
| 104|0x0000000716800000, 0x0000000716a00000, 0x0000000716a00000|100%| E|CS|TAMS 0x0000000716800000| PB 0x0000000716800000| Complete 
| 105|0x0000000716a00000, 0x0000000716c00000, 0x0000000716c00000|100%| E|CS|TAMS 0x0000000716a00000| PB 0x0000000716a00000| Complete 
| 123|0x0000000718e00000, 0x0000000719000000, 0x0000000719000000|100%| E|CS|TAMS 0x0000000718e00000| PB 0x0000000718e00000| Complete 
|1971|0x00000007ffe00000, 0x0000000800000000, 0x0000000800000000|100%| E|CS|TAMS 0x00000007ffe00000| PB 0x00000007ffe00000| Complete 

Card table byte_map: [0x000002377f520000,0x000002377fce0000] _byte_map_base: 0x000002377bcd4000

Marking Bits: (CMBitMap*) 0x000002377b71a2b0
 Bits: [0x000002370f000000, 0x0000023712da0000)

Polling page: 0x0000023779640000

Metaspace:

Usage:
  Non-class:     81.20 MB used.
      Class:      9.81 MB used.
       Both:     91.01 MB used.

Virtual space:
  Non-class space:      128.00 MB reserved,      81.62 MB ( 64%) committed,  2 nodes.
      Class space:        1.00 GB reserved,      10.25 MB (  1%) committed,  1 nodes.
             Both:        1.12 GB reserved,      91.88 MB (  8%) committed. 

Chunk freelists:
   Non-Class:  13.56 MB
       Class:  5.66 MB
        Both:  19.22 MB

MaxMetaspaceSize: unlimited
CompressedClassSpaceSize: 1.00 GB
Initial GC threshold: 21.00 MB
Current GC threshold: 152.81 MB
CDS: off
 - commit_granule_bytes: 65536.
 - commit_granule_words: 8192.
 - virtual_space_node_default_size: 8388608.
 - enlarge_chunks_in_place: 1.
 - use_allocation_guard: 0.


Internal statistics:

num_allocs_failed_limit: 9.
num_arena_births: 1456.
num_arena_deaths: 0.
num_vsnodes_births: 3.
num_vsnodes_deaths: 0.
num_space_committed: 1468.
num_space_uncommitted: 0.
num_chunks_returned_to_freelist: 9.
num_chunks_taken_from_freelist: 4659.
num_chunk_merges: 9.
num_chunk_splits: 3545.
num_chunks_enlarged: 2759.
num_inconsistent_stats: 0.

CodeHeap 'non-profiled nmethods': size=120000Kb used=8654Kb max_used=9901Kb free=111345Kb
 bounds [0x0000023707ad0000, 0x0000023708480000, 0x000002370f000000]
CodeHeap 'profiled nmethods': size=120000Kb used=44568Kb max_used=52521Kb free=75431Kb
 bounds [0x0000023700000000, 0x0000023703350000, 0x0000023707530000]
CodeHeap 'non-nmethods': size=5760Kb used=1772Kb max_used=1836Kb free=3988Kb
 bounds [0x0000023707530000, 0x00000237077a0000, 0x0000023707ad0000]
 total_blobs=15216 nmethods=14434 adapters=683
 compilation: enabled
              stopped_count=0, restarted_count=0
 full_count=0

Compilation events (20 events):
Event: 18.420 Thread 0x00000237159e81a0 nmethod 17583 0x0000023700142790 code [0x0000023700142960, 0x0000023700142b78]
Event: 18.420 Thread 0x00000237159e81a0 17586       3       org.jetbrains.kotlin.codegen.inline.MethodInliner$prepareNode$transformationVisitor$1::visitLocalVariable (160 bytes)
Event: 18.422 Thread 0x00000237159e81a0 nmethod 17586 0x0000023700b53b10 code [0x0000023700b53fa0, 0x0000023700b55e10]
Event: 18.422 Thread 0x00000237159e81a0 17587       3       org.jetbrains.org.objectweb.asm.commons.MethodRemapper::visitLocalVariable (29 bytes)
Event: 18.423 Thread 0x00000237159e81a0 nmethod 17587 0x0000023700011e90 code [0x00000237000120a0, 0x0000023700012650]
Event: 18.423 Thread 0x00000237159e81a0 17588       3       org.jetbrains.kotlin.ir.descriptors.LazyTypeConstructor::getParameters (5 bytes)
Event: 18.423 Thread 0x00000237159e81a0 nmethod 17588 0x000002370005fb90 code [0x000002370005fd60, 0x00000237000600a0]
Event: 18.423 Thread 0x00000237159e81a0 17589       3       org.jetbrains.kotlin.ir.descriptors.LazyTypeConstructor::getParameters_ (15 bytes)
Event: 18.423 Thread 0x00000237159e81a0 nmethod 17589 0x0000023700293690 code [0x0000023700293840, 0x0000023700293b28]
Event: 18.423 Thread 0x00000237159e81a0 17577       3       org.jetbrains.kotlin.backend.jvm.codegen.ExpressionCodegen::returnAsmAndIrTypes (142 bytes)
Event: 18.425 Thread 0x00000237159e81a0 nmethod 17577 0x0000023700e43e90 code [0x0000023700e44200, 0x0000023700e45950]
Event: 18.425 Thread 0x00000237159e81a0 17578       3       org.jetbrains.kotlin.codegen.AsmUtil::unboxPrimitiveTypeOrNull (20 bytes)
Event: 18.425 Thread 0x00000237159e81a0 nmethod 17578 0x00000237000f0c90 code [0x00000237000f0e60, 0x00000237000f1160]
Event: 18.425 Thread 0x00000237159e81a0 17573       3       org.jetbrains.kotlin.backend.jvm.codegen.ExpressionCodegen::visitWhen (10 bytes)
Event: 18.426 Thread 0x00000237159e81a0 nmethod 17573 0x00000237000c4990 code [0x00000237000c4b40, 0x00000237000c4d70]
Event: 18.426 Thread 0x00000237159e81a0 17590       3       org.jetbrains.kotlin.ir.PsiIrFileEntry::getName (5 bytes)
Event: 18.427 Thread 0x00000237159e81a0 nmethod 17590 0x00000237000f2510 code [0x00000237000f26a0, 0x00000237000f27c8]
Event: 18.428 Thread 0x00000237159e81a0 17591   !   3       java.util.concurrent.ConcurrentHashMap::computeIfAbsent (576 bytes)
Event: 18.431 Thread 0x00000237159e81a0 nmethod 17591 0x00000237001e3a10 code [0x00000237001e3e60, 0x00000237001e6248]
Event: 18.431 Thread 0x00000237159e81a0 17593       3       org.jetbrains.org.objectweb.asm.tree.MethodNode::visitParameterAnnotation (112 bytes)

GC Heap History (20 events):
Event: 5.216 GC heap before
{Heap before GC invocations=8 (full 0):
 garbage-first heap   total 157696K, used 116622K [0x0000000709800000, 0x0000000800000000)
  region size 2048K, 46 young (94208K), 2 survivors (4096K)
 Metaspace       used 52410K, committed 53184K, reserved 1114112K
  class space    used 6324K, committed 6720K, reserved 1048576K
}
Event: 5.235 GC heap after
{Heap after GC invocations=9 (full 0):
 garbage-first heap   total 157696K, used 35026K [0x0000000709800000, 0x0000000800000000)
  region size 2048K, 6 young (12288K), 6 survivors (12288K)
 Metaspace       used 52410K, committed 53184K, reserved 1114112K
  class space    used 6324K, committed 6720K, reserved 1048576K
}
Event: 7.094 GC heap before
{Heap before GC invocations=9 (full 0):
 garbage-first heap   total 157696K, used 116946K [0x0000000709800000, 0x0000000800000000)
  region size 2048K, 46 young (94208K), 6 survivors (12288K)
 Metaspace       used 59192K, committed 59968K, reserved 1114112K
  class space    used 6929K, committed 7296K, reserved 1048576K
}
Event: 7.128 GC heap after
{Heap after GC invocations=10 (full 0):
 garbage-first heap   total 157696K, used 48151K [0x0000000709800000, 0x0000000800000000)
  region size 2048K, 6 young (12288K), 6 survivors (12288K)
 Metaspace       used 59192K, committed 59968K, reserved 1114112K
  class space    used 6929K, committed 7296K, reserved 1048576K
}
Event: 7.264 GC heap before
{Heap before GC invocations=10 (full 0):
 garbage-first heap   total 157696K, used 58391K [0x0000000709800000, 0x0000000800000000)
  region size 2048K, 12 young (24576K), 6 survivors (12288K)
 Metaspace       used 59540K, committed 60288K, reserved 1114112K
  class space    used 6984K, committed 7360K, reserved 1048576K
}
Event: 7.283 GC heap after
{Heap after GC invocations=11 (full 0):
 garbage-first heap   total 157696K, used 50697K [0x0000000709800000, 0x0000000800000000)
  region size 2048K, 1 young (2048K), 1 survivors (2048K)
 Metaspace       used 59540K, committed 60288K, reserved 1114112K
  class space    used 6984K, committed 7360K, reserved 1048576K
}
Event: 9.702 GC heap before
{Heap before GC invocations=12 (full 0):
 garbage-first heap   total 157696K, used 132617K [0x0000000709800000, 0x0000000800000000)
  region size 2048K, 41 young (83968K), 1 survivors (2048K)
 Metaspace       used 66122K, committed 66880K, reserved 1114112K
  class space    used 7642K, committed 8000K, reserved 1048576K
}
Event: 9.719 GC heap after
{Heap after GC invocations=13 (full 0):
 garbage-first heap   total 157696K, used 60617K [0x0000000709800000, 0x0000000800000000)
  region size 2048K, 6 young (12288K), 6 survivors (12288K)
 Metaspace       used 66122K, committed 66880K, reserved 1114112K
  class space    used 7642K, committed 8000K, reserved 1048576K
}
Event: 12.040 GC heap before
{Heap before GC invocations=13 (full 0):
 garbage-first heap   total 157696K, used 134345K [0x0000000709800000, 0x0000000800000000)
  region size 2048K, 42 young (86016K), 6 survivors (12288K)
 Metaspace       used 74001K, committed 74816K, reserved 1179648K
  class space    used 8327K, committed 8704K, reserved 1048576K
}
Event: 12.078 GC heap after
{Heap after GC invocations=14 (full 0):
 garbage-first heap   total 157696K, used 65026K [0x0000000709800000, 0x0000000800000000)
  region size 2048K, 3 young (6144K), 3 survivors (6144K)
 Metaspace       used 74001K, committed 74816K, reserved 1179648K
  class space    used 8327K, committed 8704K, reserved 1048576K
}
Event: 13.554 GC heap before
{Heap before GC invocations=14 (full 0):
 garbage-first heap   total 157696K, used 136706K [0x0000000709800000, 0x0000000800000000)
  region size 2048K, 38 young (77824K), 3 survivors (6144K)
 Metaspace       used 77437K, committed 78272K, reserved 1179648K
  class space    used 8683K, committed 9088K, reserved 1048576K
}
Event: 13.580 GC heap after
{Heap after GC invocations=15 (full 0):
 garbage-first heap   total 190464K, used 74989K [0x0000000709800000, 0x0000000800000000)
  region size 2048K, 5 young (10240K), 5 survivors (10240K)
 Metaspace       used 77437K, committed 78272K, reserved 1179648K
  class space    used 8683K, committed 9088K, reserved 1048576K
}
Event: 14.139 GC heap before
{Heap before GC invocations=15 (full 0):
 garbage-first heap   total 190464K, used 97517K [0x0000000709800000, 0x0000000800000000)
  region size 2048K, 17 young (34816K), 5 survivors (10240K)
 Metaspace       used 78049K, committed 78912K, reserved 1179648K
  class space    used 8718K, committed 9152K, reserved 1048576K
}
Event: 14.176 GC heap after
{Heap after GC invocations=16 (full 0):
 garbage-first heap   total 190464K, used 85830K [0x0000000709800000, 0x0000000800000000)
  region size 2048K, 6 young (12288K), 6 survivors (12288K)
 Metaspace       used 78049K, committed 78912K, reserved 1179648K
  class space    used 8718K, committed 9152K, reserved 1048576K
}
Event: 15.721 GC heap before
{Heap before GC invocations=17 (full 0):
 garbage-first heap   total 190464K, used 153414K [0x0000000709800000, 0x0000000800000000)
  region size 2048K, 39 young (79872K), 6 survivors (12288K)
 Metaspace       used 86037K, committed 86912K, reserved 1179648K
  class space    used 9610K, committed 10048K, reserved 1048576K
}
Event: 15.752 GC heap after
{Heap after GC invocations=18 (full 0):
 garbage-first heap   total 190464K, used 94969K [0x0000000709800000, 0x0000000800000000)
  region size 2048K, 4 young (8192K), 4 survivors (8192K)
 Metaspace       used 86037K, committed 86912K, reserved 1179648K
  class space    used 9610K, committed 10048K, reserved 1048576K
}
Event: 16.797 GC heap before
{Heap before GC invocations=18 (full 0):
 garbage-first heap   total 190464K, used 158457K [0x0000000709800000, 0x0000000800000000)
  region size 2048K, 35 young (71680K), 4 survivors (8192K)
 Metaspace       used 88543K, committed 89472K, reserved 1179648K
  class space    used 9744K, committed 10176K, reserved 1048576K
}
Event: 16.827 GC heap after
{Heap after GC invocations=19 (full 0):
 garbage-first heap   total 190464K, used 96249K [0x0000000709800000, 0x0000000800000000)
  region size 2048K, 2 young (4096K), 2 survivors (4096K)
 Metaspace       used 88543K, committed 89472K, reserved 1179648K
  class space    used 9744K, committed 10176K, reserved 1048576K
}
Event: 18.057 GC heap before
{Heap before GC invocations=19 (full 0):
 garbage-first heap   total 190464K, used 161785K [0x0000000709800000, 0x0000000800000000)
  region size 2048K, 34 young (69632K), 2 survivors (4096K)
 Metaspace       used 92777K, committed 93696K, reserved 1179648K
  class space    used 10025K, committed 10496K, reserved 1048576K
}
Event: 18.075 GC heap after
{Heap after GC invocations=20 (full 0):
 garbage-first heap   total 190464K, used 99936K [0x0000000709800000, 0x0000000800000000)
  region size 2048K, 3 young (6144K), 3 survivors (6144K)
 Metaspace       used 92777K, committed 93696K, reserved 1179648K
  class space    used 10025K, committed 10496K, reserved 1048576K
}

Dll operation events (3 events):
Event: 0.011 Loaded shared library C:\Program Files\Android\Android Studio\jbr\bin\java.dll
Event: 0.018 Loaded shared library C:\Program Files\Android\Android Studio\jbr\bin\zip.dll
Event: 1.501 Loaded shared library C:\Program Files\Android\Android Studio\jbr\bin\verify.dll

Deoptimization events (20 events):
Event: 18.259 Thread 0x000002377b6b9590 DEOPT PACKING pc=0x00000237083f2df4 sp=0x000000de98dfbf20
Event: 18.259 Thread 0x000002377b6b9590 DEOPT UNPACKING pc=0x00000237075846a2 sp=0x000000de98dfbe98 mode 2
Event: 18.261 Thread 0x000002377b6b9590 DEOPT PACKING pc=0x000002370122fbd1 sp=0x000000de98dfa120
Event: 18.261 Thread 0x000002377b6b9590 DEOPT UNPACKING pc=0x0000023707584e42 sp=0x000000de98df9620 mode 0
Event: 18.272 Thread 0x000002377b6b9590 Uncommon trap: trap_request=0xffffffd6 fr.pc=0x0000023707f0b110 relative=0x0000000000000550
Event: 18.272 Thread 0x000002377b6b9590 Uncommon trap: reason=array_check action=maybe_recompile pc=0x0000023707f0b110 method=org.jetbrains.kotlin.codegen.optimization.temporaryVals.StoreLoadFrame.execute(Lorg/jetbrains/org/objectweb/asm/tree/AbstractInsnNode;Lorg/jetbrains/kotlin/codegen/optim
Event: 18.272 Thread 0x000002377b6b9590 DEOPT PACKING pc=0x0000023707f0b110 sp=0x000000de98df6cf0
Event: 18.272 Thread 0x000002377b6b9590 DEOPT UNPACKING pc=0x00000237075846a2 sp=0x000000de98df6cb0 mode 2
Event: 18.272 Thread 0x000002377b6b9590 Uncommon trap: trap_request=0xffffffd6 fr.pc=0x0000023707f0b110 relative=0x0000000000000550
Event: 18.272 Thread 0x000002377b6b9590 Uncommon trap: reason=array_check action=maybe_recompile pc=0x0000023707f0b110 method=org.jetbrains.kotlin.codegen.optimization.temporaryVals.StoreLoadFrame.execute(Lorg/jetbrains/org/objectweb/asm/tree/AbstractInsnNode;Lorg/jetbrains/kotlin/codegen/optim
Event: 18.272 Thread 0x000002377b6b9590 DEOPT PACKING pc=0x0000023707f0b110 sp=0x000000de98df6cf0
Event: 18.272 Thread 0x000002377b6b9590 DEOPT UNPACKING pc=0x00000237075846a2 sp=0x000000de98df6cb0 mode 2
Event: 18.272 Thread 0x000002377b6b9590 Uncommon trap: trap_request=0xffffffd6 fr.pc=0x0000023707f0b110 relative=0x0000000000000550
Event: 18.272 Thread 0x000002377b6b9590 Uncommon trap: reason=array_check action=maybe_recompile pc=0x0000023707f0b110 method=org.jetbrains.kotlin.codegen.optimization.temporaryVals.StoreLoadFrame.execute(Lorg/jetbrains/org/objectweb/asm/tree/AbstractInsnNode;Lorg/jetbrains/kotlin/codegen/optim
Event: 18.272 Thread 0x000002377b6b9590 DEOPT PACKING pc=0x0000023707f0b110 sp=0x000000de98df6cf0
Event: 18.272 Thread 0x000002377b6b9590 DEOPT UNPACKING pc=0x00000237075846a2 sp=0x000000de98df6cb0 mode 2
Event: 18.272 Thread 0x000002377b6b9590 Uncommon trap: trap_request=0xffffffd6 fr.pc=0x0000023707f0b110 relative=0x0000000000000550
Event: 18.272 Thread 0x000002377b6b9590 Uncommon trap: reason=array_check action=maybe_recompile pc=0x0000023707f0b110 method=org.jetbrains.kotlin.codegen.optimization.temporaryVals.StoreLoadFrame.execute(Lorg/jetbrains/org/objectweb/asm/tree/AbstractInsnNode;Lorg/jetbrains/kotlin/codegen/optim
Event: 18.272 Thread 0x000002377b6b9590 DEOPT PACKING pc=0x0000023707f0b110 sp=0x000000de98df6cf0
Event: 18.272 Thread 0x000002377b6b9590 DEOPT UNPACKING pc=0x00000237075846a2 sp=0x000000de98df6cb0 mode 2

Classes loaded (20 events):
Event: 15.483 Loading class sun/security/provider/DigestBase done
Event: 15.483 Loading class sun/security/provider/MD5 done
Event: 15.484 Loading class sun/security/jca/GetInstance$Instance
Event: 15.484 Loading class sun/security/jca/GetInstance$Instance done
Event: 15.484 Loading class java/security/MessageDigest$Delegate
Event: 15.484 Loading class sun/security/util/MessageDigestSpi2
Event: 15.484 Loading class sun/security/util/MessageDigestSpi2 done
Event: 15.484 Loading class java/security/MessageDigest$Delegate done
Event: 15.484 Loading class java/security/MessageDigest$Delegate$CloneableDelegate
Event: 15.484 Loading class java/security/MessageDigest$Delegate$CloneableDelegate done
Event: 15.484 Loading class sun/security/provider/ByteArrayAccess$LE
Event: 15.484 Loading class sun/security/provider/ByteArrayAccess$LE done
Event: 15.484 Loading class sun/security/provider/ByteArrayAccess
Event: 15.485 Loading class sun/security/provider/ByteArrayAccess done
Event: 15.485 Loading class java/util/Base64
Event: 15.485 Loading class java/util/Base64 done
Event: 15.485 Loading class java/util/Base64$Encoder
Event: 15.486 Loading class java/util/Base64$Encoder done
Event: 16.894 Loading class java/util/Vector$Itr
Event: 16.894 Loading class java/util/Vector$Itr done

Classes unloaded (0 events):
No events

Classes redefined (0 events):
No events

Internal exceptions (20 events):
Event: 7.340 Thread 0x000002377b6b9590 Implicit null exception at 0x0000023707af1b20 to 0x0000023707af20cc
Event: 7.359 Thread 0x000002377b6b9590 Exception <a 'java/lang/NoSuchMethodError'{0x00000007fffbf1f8}: 'java.lang.Object java.lang.invoke.DirectMethodHandle$Holder.invokeInterface(java.lang.Object, java.lang.Object, java.lang.Object)'> (0x00000007fffbf1f8) 
thrown [s\src\hotspot\share\interpreter\linkResolver.cpp, line 784]
Event: 7.360 Thread 0x000002377b6b9590 Exception <a 'java/lang/IncompatibleClassChangeError'{0x00000007fffc2890}: Found class java.lang.Object, but interface was expected> (0x00000007fffc2890) 
thrown [s\src\hotspot\share\interpreter\linkResolver.cpp, line 851]
Event: 7.372 Thread 0x000002377b6b9590 Implicit null exception at 0x0000023707af3120 to 0x0000023707af36c4
Event: 8.015 Thread 0x000002377b6b9590 Exception <a 'java/lang/NoSuchMethodError'{0x0000000711703e20}: 'java.lang.Object java.lang.invoke.DirectMethodHandle$Holder.newInvokeSpecial(java.lang.Object, java.lang.Object, java.lang.Object, java.lang.Object, int)'> (0x0000000711703e20) 
thrown [s\src\hotspot\share\interpreter\linkResolver.cpp, line 784]
Event: 8.016 Thread 0x000002377b6b9590 Exception <a 'java/lang/NoSuchMethodError'{0x0000000711708988}: 'java.lang.Object java.lang.invoke.DirectMethodHandle$Holder.invokeSpecial(java.lang.Object, java.lang.Object, java.lang.Object, java.lang.Object, java.lang.Object, int)'> (0x0000000711708988) 
thrown [s\src\hotspot\share\interpreter\linkResolver.cpp, line 784]
Event: 8.016 Thread 0x000002377b6b9590 Exception <a 'java/lang/NoSuchMethodError'{0x000000071170ceb8}: 'java.lang.Object java.lang.invoke.Invokers$Holder.linkToTargetMethod(java.lang.Object, java.lang.Object, java.lang.Object, int, java.lang.Object)'> (0x000000071170ceb8) 
thrown [s\src\hotspot\share\interpreter\linkResolver.cpp, line 784]
Event: 9.381 Thread 0x000002377b6b9590 Exception <a 'java/lang/NoSuchMethodError'{0x000000070e6fe420}: 'java.lang.Object java.lang.invoke.DirectMethodHandle$Holder.newInvokeSpecial(java.lang.Object, int, java.lang.Object)'> (0x000000070e6fe420) 
thrown [s\src\hotspot\share\interpreter\linkResolver.cpp, line 784]
Event: 10.162 Thread 0x000002377b6b9590 Implicit null exception at 0x0000023707e0fd87 to 0x0000023707e1007c
Event: 10.211 Thread 0x000002377b6b9590 Exception <a 'java/lang/NoSuchMethodError'{0x00000007123643e8}: 'void java.lang.invoke.DirectMethodHandle$Holder.invokeStatic(java.lang.Object, java.lang.Object, java.lang.Object)'> (0x00000007123643e8) 
thrown [s\src\hotspot\share\interpreter\linkResolver.cpp, line 784]
Event: 11.675 Thread 0x000002377b6b9590 Exception <a 'java/lang/NoSuchMethodError'{0x000000070fa16338}: 'int java.lang.invoke.Invokers$Holder.invokeExact_MT(java.lang.Object, java.lang.Object, java.lang.Object)'> (0x000000070fa16338) 
thrown [s\src\hotspot\share\interpreter\linkResolver.cpp, line 784]
Event: 11.676 Thread 0x000002377b6b9590 Exception <a 'java/lang/NoSuchMethodError'{0x000000070fa1a9a0}: 'void java.lang.invoke.Invokers$Holder.invokeExact_MT(java.lang.Object, java.lang.Object, java.lang.Object, java.lang.Object)'> (0x000000070fa1a9a0) 
thrown [s\src\hotspot\share\interpreter\linkResolver.cpp, line 784]
Event: 11.703 Thread 0x000002377b6b9590 Exception <a 'java/lang/NoSuchMethodError'{0x000000070fb1db48}: 'java.lang.Object java.lang.invoke.DirectMethodHandle$Holder.invokeStaticInit(java.lang.Object, java.lang.Object, java.lang.Object, java.lang.Object)'> (0x000000070fb1db48) 
thrown [s\src\hotspot\share\interpreter\linkResolver.cpp, line 784]
Event: 11.878 Thread 0x000002377b6b9590 Exception <a 'java/lang/NoSuchMethodError'{0x000000070f039ac8}: 'int java.lang.invoke.DirectMethodHandle$Holder.invokeStaticInit(java.lang.Object, java.lang.Object, java.lang.Object, java.lang.Object)'> (0x000000070f039ac8) 
thrown [s\src\hotspot\share\interpreter\linkResolver.cpp, line 784]
Event: 11.939 Thread 0x000002377b6b9590 Implicit null exception at 0x0000023707b471c7 to 0x0000023707b47470
Event: 12.079 Thread 0x000002377b6b9590 Exception <a 'java/lang/NoSuchMethodError'{0x00000007ffedfa08}: 'java.lang.Object java.lang.invoke.DirectMethodHandle$Holder.newInvokeSpecial(java.lang.Object, java.lang.Object, java.lang.Object, int, int)'> (0x00000007ffedfa08) 
thrown [s\src\hotspot\share\interpreter\linkResolver.cpp, line 784]
Event: 12.080 Thread 0x000002377b6b9590 Exception <a 'java/lang/NoSuchMethodError'{0x00000007ffee35b8}: 'java.lang.Object java.lang.invoke.DirectMethodHandle$Holder.invokeSpecial(java.lang.Object, java.lang.Object, java.lang.Object, java.lang.Object, int, int)'> (0x00000007ffee35b8) 
thrown [s\src\hotspot\share\interpreter\linkResolver.cpp, line 784]
Event: 12.229 Thread 0x000002377b6b9590 Exception <a 'java/lang/NoSuchMethodError'{0x0000000716b91ab8}: 'java.lang.Object java.lang.invoke.DirectMethodHandle$Holder.invokeSpecial(java.lang.Object, java.lang.Object, int, int, java.lang.Object, java.lang.Object, java.lang.Object, java.lang.Object, java.lang.Object)'> (0x0000000716b91ab8) 
thrown [s\src\hotspot\share\interpreter\linkResolver.cpp, line 784]
Event: 12.449 Thread 0x000002377b6b9590 Exception <a 'java/lang/NoSuchMethodError'{0x00000007127d9ce0}: 'java.lang.Object java.lang.invoke.DirectMethodHandle$Holder.newInvokeSpecial(java.lang.Object, java.lang.Object, int, int, java.lang.Object, java.lang.Object, java.lang.Object)'> (0x00000007127d9ce0) 
thrown [s\src\hotspot\share\interpreter\linkResolver.cpp, line 784]
Event: 12.450 Thread 0x000002377b6b9590 Exception <a 'java/lang/NoSuchMethodError'{0x00000007127de310}: 'java.lang.Object java.lang.invoke.DirectMethodHandle$Holder.invokeSpecial(java.lang.Object, java.lang.Object, java.lang.Object, int, int, java.lang.Object, java.lang.Object, java.lang.Object)'> (0x00000007127de310) 
thrown [s\src\hotspot\share\interpreter\linkResolver.cpp, line 784]

ZGC Phase Switch (0 events):
No events

VM Operations (20 events):
Event: 17.258 Executing VM operation: HandshakeAllThreads (Deoptimize)
Event: 17.258 Executing VM operation: HandshakeAllThreads (Deoptimize) done
Event: 17.279 Executing VM operation: ICBufferFull
Event: 17.279 Executing VM operation: ICBufferFull done
Event: 17.452 Executing VM operation: ICBufferFull
Event: 17.453 Executing VM operation: ICBufferFull done
Event: 17.617 Executing VM operation: ICBufferFull
Event: 17.617 Executing VM operation: ICBufferFull done
Event: 17.825 Executing VM operation: ICBufferFull
Event: 17.825 Executing VM operation: ICBufferFull done
Event: 18.028 Executing VM operation: ICBufferFull
Event: 18.028 Executing VM operation: ICBufferFull done
Event: 18.057 Executing VM operation: G1CollectForAllocation (G1 Evacuation Pause)
Event: 18.075 Executing VM operation: G1CollectForAllocation (G1 Evacuation Pause) done
Event: 18.155 Executing VM operation: HandshakeAllThreads (Deoptimize)
Event: 18.155 Executing VM operation: HandshakeAllThreads (Deoptimize) done
Event: 18.174 Executing VM operation: G1PauseRemark
Event: 18.238 Executing VM operation: G1PauseRemark done
Event: 18.282 Executing VM operation: G1PauseCleanup
Event: 18.282 Executing VM operation: G1PauseCleanup done

Events (20 events):
Event: 18.237 Thread 0x000002371581ebc0 flushing nmethod 0x0000023707ae8990
Event: 18.237 Thread 0x000002371581ebc0 flushing nmethod 0x0000023707ae1790
Event: 18.237 Thread 0x000002371581ebc0 flushing nmethod 0x0000023707ae5d90
Event: 18.237 Thread 0x000002371581ebc0 flushing nmethod 0x0000023707ae5a90
Event: 18.237 Thread 0x000002371581ebc0 flushing nmethod 0x0000023707ae1190
Event: 18.237 Thread 0x000002371581ebc0 flushing nmethod 0x0000023707ae2e90
Event: 18.237 Thread 0x000002371581ebc0 flushing nmethod 0x0000023707adac10
Event: 18.237 Thread 0x000002371581ebc0 flushing nmethod 0x0000023707ada590
Event: 18.237 Thread 0x000002371581ebc0 flushing nmethod 0x0000023707adfe10
Event: 18.237 Thread 0x000002371581ebc0 flushing nmethod 0x0000023707adbf90
Event: 18.237 Thread 0x000002371581ebc0 flushing nmethod 0x0000023707adbc90
Event: 18.237 Thread 0x000002371581ebc0 flushing nmethod 0x0000023707adb310
Event: 18.237 Thread 0x000002371581ebc0 flushing nmethod 0x0000023707ad8410
Event: 18.237 Thread 0x000002371581ebc0 flushing nmethod 0x0000023707ad3510
Event: 18.237 Thread 0x000002371581ebc0 flushing nmethod 0x0000023707ad2b90
Event: 18.237 Thread 0x000002371581ebc0 flushing nmethod 0x0000023707ad2890
Event: 18.237 Thread 0x000002371581ebc0 flushing nmethod 0x0000023707ad2590
Event: 18.237 Thread 0x000002371581ebc0 flushing nmethod 0x0000023707ad1f90
Event: 18.237 Thread 0x000002371581ebc0 flushing nmethod 0x0000023707ad3a90
Event: 18.237 Thread 0x000002371581ebc0 flushing nmethod 0x0000023707ad0910


Dynamic libraries:
0x00007ff719e40000 - 0x00007ff719e4a000 	C:\Program Files\Android\Android Studio\jbr\bin\java.exe
0x00007ffd6e9f0000 - 0x00007ffd6ec07000 	C:\Windows\SYSTEM32\ntdll.dll
0x00007ffd6d4d0000 - 0x00007ffd6d594000 	C:\Windows\System32\KERNEL32.DLL
0x00007ffd6c140000 - 0x00007ffd6c4f9000 	C:\Windows\System32\KERNELBASE.dll
0x00007ffd6c5f0000 - 0x00007ffd6c701000 	C:\Windows\System32\ucrtbase.dll
0x00007ffd43eb0000 - 0x00007ffd43ecb000 	C:\Program Files\Android\Android Studio\jbr\bin\VCRUNTIME140.dll
0x00007ffd670f0000 - 0x00007ffd67108000 	C:\Program Files\Android\Android Studio\jbr\bin\jli.dll
0x00007ffd6d5a0000 - 0x00007ffd6d74e000 	C:\Windows\System32\USER32.dll
0x00007ffd6c5c0000 - 0x00007ffd6c5e6000 	C:\Windows\System32\win32u.dll
0x00007ffd5a470000 - 0x00007ffd5a702000 	C:\Windows\WinSxS\amd64_microsoft.windows.common-controls_6595b64144ccf1df_6.0.22621.4391_none_2715d37f73803e96\COMCTL32.dll
0x00007ffd6c710000 - 0x00007ffd6c7b7000 	C:\Windows\System32\msvcrt.dll
0x00007ffd6e2e0000 - 0x00007ffd6e309000 	C:\Windows\System32\GDI32.dll
0x00007ffd6bcf0000 - 0x00007ffd6be0b000 	C:\Windows\System32\gdi32full.dll
0x00007ffd6be10000 - 0x00007ffd6beaa000 	C:\Windows\System32\msvcp_win.dll
0x00007ffd6e2a0000 - 0x00007ffd6e2d1000 	C:\Windows\System32\IMM32.DLL
0x00007ffd4c350000 - 0x00007ffd4c35c000 	C:\Program Files\Android\Android Studio\jbr\bin\vcruntime140_1.dll
0x00007ffd2d170000 - 0x00007ffd2d1fd000 	C:\Program Files\Android\Android Studio\jbr\bin\msvcp140.dll
0x00007ffcd7a80000 - 0x00007ffcd86fd000 	C:\Program Files\Android\Android Studio\jbr\bin\server\jvm.dll
0x00007ffd6e0b0000 - 0x00007ffd6e162000 	C:\Windows\System32\ADVAPI32.dll
0x00007ffd6e1f0000 - 0x00007ffd6e297000 	C:\Windows\System32\sechost.dll
0x00007ffd6c0a0000 - 0x00007ffd6c0c8000 	C:\Windows\System32\bcrypt.dll
0x00007ffd6e7e0000 - 0x00007ffd6e8f4000 	C:\Windows\System32\RPCRT4.dll
0x00007ffd6d2a0000 - 0x00007ffd6d311000 	C:\Windows\System32\WS2_32.dll
0x00007ffd6bbc0000 - 0x00007ffd6bc0d000 	C:\Windows\SYSTEM32\POWRPROF.dll
0x00007ffd63550000 - 0x00007ffd6355a000 	C:\Windows\SYSTEM32\VERSION.dll
0x00007ffd67070000 - 0x00007ffd670a4000 	C:\Windows\SYSTEM32\WINMM.dll
0x00007ffd6bba0000 - 0x00007ffd6bbb3000 	C:\Windows\SYSTEM32\UMPDC.dll
0x00007ffd6ad00000 - 0x00007ffd6ad18000 	C:\Windows\SYSTEM32\kernel.appcore.dll
0x00007ffd4b950000 - 0x00007ffd4b95a000 	C:\Program Files\Android\Android Studio\jbr\bin\jimage.dll
0x00007ffd68a60000 - 0x00007ffd68c92000 	C:\Windows\SYSTEM32\DBGHELP.DLL
0x00007ffd6c7c0000 - 0x00007ffd6cb4f000 	C:\Windows\System32\combase.dll
0x00007ffd6cb50000 - 0x00007ffd6cc27000 	C:\Windows\System32\OLEAUT32.dll
0x00007ffd620e0000 - 0x00007ffd62112000 	C:\Windows\SYSTEM32\dbgcore.DLL
0x00007ffd6beb0000 - 0x00007ffd6bf2b000 	C:\Windows\System32\bcryptPrimitives.dll
0x00007ffd43e90000 - 0x00007ffd43eaf000 	C:\Program Files\Android\Android Studio\jbr\bin\java.dll
0x00007ffd40c80000 - 0x00007ffd40c98000 	C:\Program Files\Android\Android Studio\jbr\bin\zip.dll
0x00007ffd6d780000 - 0x00007ffd6dff6000 	C:\Windows\System32\SHELL32.dll
0x00007ffd69be0000 - 0x00007ffd6a4e3000 	C:\Windows\SYSTEM32\windows.storage.dll
0x00007ffd69aa0000 - 0x00007ffd69bdf000 	C:\Windows\SYSTEM32\wintypes.dll
0x00007ffd6d3d0000 - 0x00007ffd6d4c9000 	C:\Windows\System32\SHCORE.dll
0x00007ffd6d320000 - 0x00007ffd6d37e000 	C:\Windows\System32\shlwapi.dll
0x00007ffd6bc20000 - 0x00007ffd6bc4b000 	C:\Windows\SYSTEM32\profapi.dll
0x00007ffd49570000 - 0x00007ffd49580000 	C:\Program Files\Android\Android Studio\jbr\bin\net.dll
0x00007ffd68460000 - 0x00007ffd68596000 	C:\Windows\SYSTEM32\WINHTTP.dll
0x00007ffd6b180000 - 0x00007ffd6b1e9000 	C:\Windows\system32\mswsock.dll
0x00007ffd3f790000 - 0x00007ffd3f7a6000 	C:\Program Files\Android\Android Studio\jbr\bin\nio.dll
0x00007ffd476e0000 - 0x00007ffd476f0000 	C:\Program Files\Android\Android Studio\jbr\bin\verify.dll

dbghelp: loaded successfully - version: 4.0.5 - missing functions: none
symbol engine: initialized successfully - sym options: 0x614 - pdb path: .;C:\Program Files\Android\Android Studio\jbr\bin;C:\Windows\SYSTEM32;C:\Windows\WinSxS\amd64_microsoft.windows.common-controls_6595b64144ccf1df_6.0.22621.4391_none_2715d37f73803e96;C:\Program Files\Android\Android Studio\jbr\bin\server

VM Arguments:
java_command: org.jetbrains.kotlin.cli.jvm.K2JVMCompiler @C:\Users\Krishnakumar\AndroidStudioProjects\NewsHeadlines-main\app\build\20241114_16736257765686370381.compiler.options
java_class_path (initial): C:\Users\Krishnakumar\.gradle\caches\modules-2\files-2.1\org.jetbrains.kotlin\kotlin-compiler-embeddable\1.7.0\4d09852239f61842072b40b524882fa3caaed371\kotlin-compiler-embeddable-1.7.0.jar;C:\Users\Krishnakumar\.gradle\caches\modules-2\files-2.1\org.jetbrains.kotlin\kotlin-reflect\1.7.0\e660b0079fdaf744dc9cc7f6f3aa3c761ec839b0\kotlin-reflect-1.7.0.jar;C:\Users\Krishnakumar\.gradle\caches\modules-2\files-2.1\org.jetbrains.kotlin\kotlin-stdlib\1.7.0\a5f42c684ad9003160ef0d0f693ecf0ba7b13549\kotlin-stdlib-1.7.0.jar;C:\Users\Krishnakumar\.gradle\caches\modules-2\files-2.1\org.jetbrains.kotlin\kotlin-script-runtime\1.7.0\3acea1d447587e61bc3e1b3ed6227d9e9ed4ddf1\kotlin-script-runtime-1.7.0.jar;C:\Users\Krishnakumar\.gradle\caches\modules-2\files-2.1\org.jetbrains.kotlin\kotlin-daemon-embeddable\1.7.0\fd56798de80825c673ac93808284c5198ffa2b50\kotlin-daemon-embeddable-1.7.0.jar;C:\Users\Krishnakumar\.gradle\caches\modules-2\files-2.1\org.jetbrains.intellij.deps\trove4j\1.0.20200330\3afb14d5f9ceb459d724e907a21145e8ff394f02\trove4j-1.0.20200330.jar;C:\Users\Krishnakumar\.gradle\caches\modules-2\files-2.1\net.java.dev.jna\jna\5.6.0\330f2244e9030119ab3030fc3fededc86713d9cc\jna-5.6.0.jar;C:\Users\Krishnakumar\.gradle\caches\modules-2\files-2.1\org.jetbrains.kotlin\kotlin-stdlib-common\1.7.0\51736992f422993a1e741051bdf3c12801bc1ca1\kotlin-stdlib-common-1.7.0.jar;C:\Users\Krishnakumar\.gradle\caches\modules-2\files-2.1\org.jetbrains\annotations\13.0\919f0dfe192fb4e063e7dacadee7f8bb9a2672a9\annotations-13.0.jar
Launcher Type: SUN_STANDARD

[Global flags]
     intx CICompilerCount                          = 4                                         {product} {ergonomic}
     uint ConcGCThreads                            = 3                                         {product} {ergonomic}
     uint G1ConcRefinementThreads                  = 10                                        {product} {ergonomic}
   size_t G1HeapRegionSize                         = 2097152                                   {product} {ergonomic}
    uintx GCDrainStackTargetSize                   = 64                                        {product} {ergonomic}
   size_t InitialHeapSize                          = 260046848                                 {product} {ergonomic}
   size_t MarkStackSize                            = 4194304                                   {product} {ergonomic}
   size_t MaxHeapSize                              = 4135583744                                {product} {ergonomic}
   size_t MaxNewSize                               = 2480930816                                {product} {ergonomic}
   size_t MinHeapDeltaBytes                        = 2097152                                   {product} {ergonomic}
   size_t MinHeapSize                              = 8388608                                   {product} {ergonomic}
    uintx NonNMethodCodeHeapSize                   = 5839372                                {pd product} {ergonomic}
    uintx NonProfiledCodeHeapSize                  = 122909434                              {pd product} {ergonomic}
    uintx ProfiledCodeHeapSize                     = 122909434                              {pd product} {ergonomic}
    uintx ReservedCodeCacheSize                    = 251658240                              {pd product} {ergonomic}
     bool SegmentedCodeCache                       = true                                      {product} {ergonomic}
   size_t SoftMaxHeapSize                          = 4135583744                             {manageable} {ergonomic}
     bool UseCompressedOops                        = true                           {product lp64_product} {ergonomic}
     bool UseG1GC                                  = true                                      {product} {ergonomic}
     bool UseLargePagesIndividualAllocation        = false                                  {pd product} {ergonomic}

Logging:
Log output configuration:
 #0: stdout all=warning uptime,level,tags foldmultilines=false
 #1: stderr all=off uptime,level,tags foldmultilines=false

Environment Variables:
JAVA_HOME=C:\Program Files\Java\jdk-21\bin
PATH=C:\Program Files\Common Files\Oracle\Java\javapath;C:\app\Krishnakumar\product\21c\dbhomeXE\bin;C:\Program Files\Python312\Scripts\;C:\Program Files\Python312\;C:\Windows\system32;C:\Windows;C:\Windows\System32\Wbem;C:\Windows\System32\WindowsPowerShell\v1.0\;C:\Windows\System32\OpenSSH\;C:\Program Files\Java\jdk-22\bin;C:\Users\Krishnakumar\AppData\Local\Programs\Python\Launcher\;C:\Users\Krishnakumar\AppData\Local\Microsoft\WindowsApps
USERNAME=Krishnakumar
OS=Windows_NT
PROCESSOR_IDENTIFIER=AMD64 Family 25 Model 80 Stepping 0, AuthenticAMD
TMP=C:\Users\KRISHN~1\AppData\Local\Temp
TEMP=C:\Users\KRISHN~1\AppData\Local\Temp




Periodic native trim disabled

JNI global refs:
JNI global refs: 13, weak refs: 16

JNI global refs memory usage: 835, weak refs: 833

Process memory usage:
Resident Set Size: 487800K (3% of 16151936K total physical memory with 3387244K free physical memory)

OOME stack traces (most recent first):
Classloader memory used:
Loader jdk.internal.loader.ClassLoaders$AppClassLoader                                 : 75098K
Loader bootstrap                                                                       : 15607K
Loader java.net.URLClassLoader                                                         : 2234K
Loader jdk.internal.loader.ClassLoaders$PlatformClassLoader                            : 254K

---------------  S Y S T E M  ---------------

OS:
 Windows 11 , 64 bit Build 22621 (10.0.22621.4391)
OS uptime: 3 days 23:32 hours
Hyper-V role detected

CPU: total 12 (initial active 12) (12 cores per cpu, 2 threads per core) family 25 model 80 stepping 0 microcode 0x0, cx8, cmov, fxsr, ht, mmx, 3dnowpref, sse, sse2, sse3, ssse3, sse4a, sse4.1, sse4.2, popcnt, lzcnt, tsc, tscinvbit, avx, avx2, aes, erms, clmul, bmi1, bmi2, adx, sha, fma, vzeroupper, clflush, clflushopt, hv, rdtscp, rdpid, fsrm, f16c, cet_ss
Processor Information for processor 0
  Max Mhz: 3301, Current Mhz: 1805, Mhz Limit: 3301
Processor Information for processor 1
  Max Mhz: 3301, Current Mhz: 1805, Mhz Limit: 3301
Processor Information for processor 2
  Max Mhz: 3301, Current Mhz: 1805, Mhz Limit: 3301
Processor Information for processor 3
  Max Mhz: 3301, Current Mhz: 1805, Mhz Limit: 3301
Processor Information for processor 4
  Max Mhz: 3301, Current Mhz: 1805, Mhz Limit: 3301
Processor Information for processor 5
  Max Mhz: 3301, Current Mhz: 1908, Mhz Limit: 3301
Processor Information for processor 6
  Max Mhz: 3301, Current Mhz: 1805, Mhz Limit: 3301
Processor Information for processor 7
  Max Mhz: 3301, Current Mhz: 1805, Mhz Limit: 3301
Processor Information for processor 8
  Max Mhz: 3301, Current Mhz: 1805, Mhz Limit: 3301
Processor Information for processor 9
  Max Mhz: 3301, Current Mhz: 1908, Mhz Limit: 3301
Processor Information for processor 10
  Max Mhz: 3301, Current Mhz: 1908, Mhz Limit: 3301
Processor Information for processor 11
  Max Mhz: 3301, Current Mhz: 1908, Mhz Limit: 3301

Memory: 4k page, system-wide physical 15773M (3306M free)
TotalPageFile size 15773M (AvailPageFile size 6M)
current process WorkingSet (physical memory assigned to process): 478M, peak: 478M
current process commit charge ("private bytes"): 519M, peak: 522M

vm_info: OpenJDK 64-Bit Server VM (21.0.3+-12282718-b509.11) for windows-amd64 JRE (21.0.3+-12282718-b509.11), built on 2024-08-27T17:34:15Z by "builder" with MS VC++ 16.10 / 16.11 (VS2019)

END.
